<?xml version="1.0" encoding="UTF-8"?>
<coverage generated="1739665655847" clover="3.2.0">
  <project timestamp="1739665655847" name="All files">
    <metrics statements="41" coveredstatements="39" conditionals="28" coveredconditionals="25" methods="3" coveredmethods="3" elements="72" coveredelements="67" complexity="0" loc="41" ncloc="41" packages="1" files="1" classes="1"/>
    <file name="index.ts" path="/Users/shaiyzkhan/Downloads/deep-compare/src/index.ts">
      <metrics statements="41" coveredstatements="39" conditionals="28" coveredconditionals="25" methods="3" coveredmethods="3"/>
      <line num="17" count="1" type="cond" truecount="1" falsecount="0"/>
      <line num="18" count="11" type="cond" truecount="3" falsecount="0"/>
      <line num="19" count="11" type="stmt"/>
      <line num="20" count="11" type="stmt"/>
      <line num="22" count="11" type="cond" truecount="0" falsecount="1"/>
      <line num="23" count="32" type="cond" truecount="1" falsecount="0"/>
      <line num="24" count="3" type="cond" truecount="2" falsecount="0"/>
      <line num="26" count="29" type="cond" truecount="1" falsecount="0"/>
      <line num="27" count="5" type="stmt"/>
      <line num="29" count="24" type="stmt"/>
      <line num="32" count="11" type="cond" truecount="0" falsecount="1"/>
      <line num="34" count="42" type="cond" truecount="3" falsecount="0"/>
      <line num="35" count="2" type="stmt"/>
      <line num="39" count="40" type="cond" truecount="3" falsecount="0"/>
      <line num="40" count="2" type="stmt"/>
      <line num="41" count="2" type="stmt"/>
      <line num="45" count="38" type="cond" truecount="1" falsecount="0"/>
      <line num="48" count="27" type="cond" truecount="5" falsecount="0"/>
      <line num="50" count="23" type="cond" truecount="1" falsecount="0"/>
      <line num="51" count="2" type="stmt"/>
      <line num="55" count="21" type="stmt"/>
      <line num="57" count="21" type="stmt"/>
      <line num="58" count="21" type="stmt"/>
      <line num="61" count="21" type="stmt"/>
      <line num="62" count="33" type="cond" truecount="1" falsecount="0"/>
      <line num="63" count="1" type="stmt"/>
      <line num="69" count="1" type="stmt"/>
      <line num="73" count="20" type="stmt"/>
      <line num="74" count="31" type="cond" truecount="0" falsecount="1"/>
      <line num="75" count="0" type="stmt"/>
      <line num="81" count="0" type="stmt"/>
      <line num="86" count="20" type="stmt"/>
      <line num="87" count="20" type="stmt"/>
      <line num="88" count="31" type="stmt"/>
      <line num="89" count="31" type="cond" truecount="1" falsecount="0"/>
      <line num="90" count="14" type="stmt"/>
      <line num="93" count="20" type="stmt"/>
      <line num="97" count="4" type="stmt"/>
      <line num="98" count="4" type="stmt"/>
      <line num="101" count="11" type="stmt"/>
      <line num="102" count="11" type="cond" truecount="2" falsecount="0"/>
    </file>
  </project>
</coverage>
