<?xml version="1.0" encoding="UTF-8"?>
<coverage generated="1739775928970" clover="3.2.0">
  <project timestamp="1739775928970" name="All files">
    <metrics statements="39" coveredstatements="39" conditionals="36" coveredconditionals="36" methods="5" coveredmethods="5" elements="80" coveredelements="80" complexity="0" loc="39" ncloc="39" packages="1" files="1" classes="1"/>
    <file name="index.ts" path="/Users/shaiyzkhan/Downloads/deep-compare/src/index.ts">
      <metrics statements="39" coveredstatements="39" conditionals="36" coveredconditionals="36" methods="5" coveredmethods="5"/>
      <line num="27" count="1" type="cond" truecount="1" falsecount="0"/>
      <line num="28" count="12" type="cond" truecount="3" falsecount="0"/>
      <line num="29" count="12" type="stmt"/>
      <line num="30" count="12" type="stmt"/>
      <line num="32" count="12" type="stmt"/>
      <line num="33" count="41" type="cond" truecount="1" falsecount="0"/>
      <line num="34" count="3" type="cond" truecount="2" falsecount="0"/>
      <line num="36" count="38" type="cond" truecount="1" falsecount="0"/>
      <line num="37" count="6" type="stmt"/>
      <line num="39" count="32" type="stmt"/>
      <line num="42" count="12" type="stmt"/>
      <line num="43" count="51" type="cond" truecount="3" falsecount="0"/>
      <line num="44" count="2" type="stmt"/>
      <line num="47" count="49" type="cond" truecount="3" falsecount="0"/>
      <line num="48" count="2" type="stmt"/>
      <line num="49" count="2" type="stmt"/>
      <line num="52" count="47" type="cond" truecount="1" falsecount="0"/>
      <line num="54" count="31" type="cond" truecount="5" falsecount="0"/>
      <line num="55" count="26" type="cond" truecount="1" falsecount="0"/>
      <line num="56" count="2" type="stmt"/>
      <line num="59" count="24" type="stmt"/>
      <line num="61" count="24" type="cond" truecount="2" falsecount="0"/>
      <line num="62" count="24" type="cond" truecount="2" falsecount="0"/>
      <line num="64" count="24" type="stmt"/>
      <line num="66" count="24" type="stmt"/>
      <line num="67" count="24" type="stmt"/>
      <line num="68" count="41" type="stmt"/>
      <line num="69" count="41" type="stmt"/>
      <line num="70" count="41" type="stmt"/>
      <line num="72" count="41" type="cond" truecount="4" falsecount="0"/>
      <line num="73" count="2" type="stmt"/>
      <line num="79" count="2" type="stmt"/>
      <line num="80" count="39" type="cond" truecount="1" falsecount="0"/>
      <line num="81" count="17" type="stmt"/>
      <line num="85" count="24" type="stmt"/>
      <line num="88" count="5" type="stmt"/>
      <line num="89" count="5" type="stmt"/>
      <line num="92" count="12" type="stmt"/>
      <line num="93" count="12" type="cond" truecount="2" falsecount="0"/>
    </file>
  </project>
</coverage>
