{"/Users/shaiyzkhan/Downloads/deep-compare/src/index.ts": {"path":"/Users/shaiyzkhan/Downloads/deep-compare/src/index.ts","statementMap":{"0":{"start":{"line":27,"column":0},"end":{"line":27,"column":16}},"1":{"start":{"line":28,"column":72},"end":{"line":28,"column":79}},"2":{"start":{"line":29,"column":52},"end":{"line":29,"column":54}},"3":{"start":{"line":30,"column":18},"end":{"line":30,"column":31}},"4":{"start":{"line":32,"column":21},"end":{"line":40,"column":3}},"5":{"start":{"line":33,"column":4},"end":{"line":35,"column":5}},"6":{"start":{"line":34,"column":6},"end":{"line":34,"column":62}},"7":{"start":{"line":36,"column":4},"end":{"line":38,"column":5}},"8":{"start":{"line":37,"column":6},"end":{"line":37,"column":38}},"9":{"start":{"line":39,"column":4},"end":{"line":39,"column":38}},"10":{"start":{"line":42,"column":18},"end":{"line":90,"column":3}},"11":{"start":{"line":43,"column":4},"end":{"line":45,"column":5}},"12":{"start":{"line":44,"column":6},"end":{"line":44,"column":18}},"13":{"start":{"line":47,"column":4},"end":{"line":50,"column":5}},"14":{"start":{"line":48,"column":6},"end":{"line":48,"column":133}},"15":{"start":{"line":49,"column":6},"end":{"line":49,"column":19}},"16":{"start":{"line":52,"column":4},"end":{"line":52,"column":35}},"17":{"start":{"line":52,"column":23},"end":{"line":52,"column":35}},"18":{"start":{"line":54,"column":4},"end":{"line":86,"column":5}},"19":{"start":{"line":55,"column":6},"end":{"line":57,"column":7}},"20":{"start":{"line":56,"column":8},"end":{"line":56,"column":42}},"21":{"start":{"line":59,"column":6},"end":{"line":59,"column":30}},"22":{"start":{"line":61,"column":20},"end":{"line":61,"column":83}},"23":{"start":{"line":61,"column":61},"end":{"line":61,"column":62}},"24":{"start":{"line":62,"column":20},"end":{"line":62,"column":83}},"25":{"start":{"line":62,"column":61},"end":{"line":62,"column":62}},"26":{"start":{"line":64,"column":22},"end":{"line":64,"column":51}},"27":{"start":{"line":66,"column":20},"end":{"line":66,"column":24}},"28":{"start":{"line":67,"column":6},"end":{"line":83,"column":7}},"29":{"start":{"line":68,"column":24},"end":{"line":68,"column":64}},"30":{"start":{"line":69,"column":24},"end":{"line":69,"column":35}},"31":{"start":{"line":70,"column":24},"end":{"line":70,"column":35}},"32":{"start":{"line":72,"column":8},"end":{"line":82,"column":9}},"33":{"start":{"line":73,"column":10},"end":{"line":78,"column":13}},"34":{"start":{"line":79,"column":10},"end":{"line":79,"column":26}},"35":{"start":{"line":80,"column":15},"end":{"line":82,"column":9}},"36":{"start":{"line":81,"column":10},"end":{"line":81,"column":26}},"37":{"start":{"line":85,"column":6},"end":{"line":85,"column":21}},"38":{"start":{"line":88,"column":4},"end":{"line":88,"column":118}},"39":{"start":{"line":89,"column":4},"end":{"line":89,"column":17}},"40":{"start":{"line":92,"column":16},"end":{"line":92,"column":39}},"41":{"start":{"line":93,"column":2},"end":{"line":93,"column":60}}},"fnMap":{"0":{"name":"deepCompare","decl":{"start":{"line":27,"column":16},"end":{"line":27,"column":27}},"loc":{"start":{"line":27,"column":78},"end":{"line":94,"column":1}}},"1":{"name":"(anonymous_1)","decl":{"start":{"line":32,"column":21},"end":{"line":32,"column":22}},"loc":{"start":{"line":32,"column":105},"end":{"line":40,"column":3}}},"2":{"name":"(anonymous_2)","decl":{"start":{"line":42,"column":18},"end":{"line":42,"column":19}},"loc":{"start":{"line":42,"column":73},"end":{"line":90,"column":3}}},"3":{"name":"(anonymous_3)","decl":{"start":{"line":61,"column":51},"end":{"line":61,"column":52}},"loc":{"start":{"line":61,"column":61},"end":{"line":61,"column":62}}},"4":{"name":"(anonymous_4)","decl":{"start":{"line":62,"column":51},"end":{"line":62,"column":52}},"loc":{"start":{"line":62,"column":61},"end":{"line":62,"column":62}}}},"branchMap":{"0":{"loc":{"start":{"line":27,"column":50},"end":{"line":27,"column":78}},"type":"default-arg","locations":[{"start":{"line":27,"column":76},"end":{"line":27,"column":78}}]},"1":{"loc":{"start":{"line":28,"column":10},"end":{"line":28,"column":25}},"type":"default-arg","locations":[{"start":{"line":28,"column":20},"end":{"line":28,"column":25}}]},"2":{"loc":{"start":{"line":28,"column":27},"end":{"line":28,"column":40}},"type":"default-arg","locations":[{"start":{"line":28,"column":36},"end":{"line":28,"column":40}}]},"3":{"loc":{"start":{"line":28,"column":42},"end":{"line":28,"column":67}},"type":"default-arg","locations":[{"start":{"line":28,"column":55},"end":{"line":28,"column":67}}]},"4":{"loc":{"start":{"line":33,"column":4},"end":{"line":35,"column":5}},"type":"if","locations":[{"start":{"line":33,"column":4},"end":{"line":35,"column":5}}]},"5":{"loc":{"start":{"line":34,"column":13},"end":{"line":34,"column":61}},"type":"cond-expr","locations":[{"start":{"line":34,"column":27},"end":{"line":34,"column":50}},{"start":{"line":34,"column":53},"end":{"line":34,"column":61}}]},"6":{"loc":{"start":{"line":36,"column":4},"end":{"line":38,"column":5}},"type":"if","locations":[{"start":{"line":36,"column":4},"end":{"line":38,"column":5}}]},"7":{"loc":{"start":{"line":43,"column":4},"end":{"line":45,"column":5}},"type":"if","locations":[{"start":{"line":43,"column":4},"end":{"line":45,"column":5}}]},"8":{"loc":{"start":{"line":43,"column":8},"end":{"line":43,"column":31}},"type":"binary-expr","locations":[{"start":{"line":43,"column":8},"end":{"line":43,"column":15}},{"start":{"line":43,"column":19},"end":{"line":43,"column":31}}]},"9":{"loc":{"start":{"line":47,"column":4},"end":{"line":50,"column":5}},"type":"if","locations":[{"start":{"line":47,"column":4},"end":{"line":50,"column":5}}]},"10":{"loc":{"start":{"line":47,"column":8},"end":{"line":47,"column":45}},"type":"binary-expr","locations":[{"start":{"line":47,"column":8},"end":{"line":47,"column":14}},{"start":{"line":47,"column":18},"end":{"line":47,"column":45}}]},"11":{"loc":{"start":{"line":52,"column":4},"end":{"line":52,"column":35}},"type":"if","locations":[{"start":{"line":52,"column":4},"end":{"line":52,"column":35}}]},"12":{"loc":{"start":{"line":54,"column":4},"end":{"line":86,"column":5}},"type":"if","locations":[{"start":{"line":54,"column":4},"end":{"line":86,"column":5}}]},"13":{"loc":{"start":{"line":54,"column":8},"end":{"line":54,"column":94}},"type":"binary-expr","locations":[{"start":{"line":54,"column":8},"end":{"line":54,"column":32}},{"start":{"line":54,"column":36},"end":{"line":54,"column":49}},{"start":{"line":54,"column":53},"end":{"line":54,"column":77}},{"start":{"line":54,"column":81},"end":{"line":54,"column":94}}]},"14":{"loc":{"start":{"line":55,"column":6},"end":{"line":57,"column":7}},"type":"if","locations":[{"start":{"line":55,"column":6},"end":{"line":57,"column":7}}]},"15":{"loc":{"start":{"line":61,"column":20},"end":{"line":61,"column":83}},"type":"cond-expr","locations":[{"start":{"line":61,"column":42},"end":{"line":61,"column":63}},{"start":{"line":61,"column":66},"end":{"line":61,"column":83}}]},"16":{"loc":{"start":{"line":62,"column":20},"end":{"line":62,"column":83}},"type":"cond-expr","locations":[{"start":{"line":62,"column":42},"end":{"line":62,"column":63}},{"start":{"line":62,"column":66},"end":{"line":62,"column":83}}]},"17":{"loc":{"start":{"line":72,"column":8},"end":{"line":82,"column":9}},"type":"if","locations":[{"start":{"line":72,"column":8},"end":{"line":82,"column":9}},{"start":{"line":80,"column":15},"end":{"line":82,"column":9}}]},"18":{"loc":{"start":{"line":72,"column":12},"end":{"line":72,"column":32}},"type":"binary-expr","locations":[{"start":{"line":72,"column":12},"end":{"line":72,"column":20}},{"start":{"line":72,"column":24},"end":{"line":72,"column":32}}]},"19":{"loc":{"start":{"line":75,"column":20},"end":{"line":75,"column":53}},"type":"cond-expr","locations":[{"start":{"line":75,"column":30},"end":{"line":75,"column":39}},{"start":{"line":75,"column":42},"end":{"line":75,"column":53}}]},"20":{"loc":{"start":{"line":76,"column":20},"end":{"line":76,"column":53}},"type":"cond-expr","locations":[{"start":{"line":76,"column":30},"end":{"line":76,"column":39}},{"start":{"line":76,"column":42},"end":{"line":76,"column":53}}]},"21":{"loc":{"start":{"line":80,"column":15},"end":{"line":82,"column":9}},"type":"if","locations":[{"start":{"line":80,"column":15},"end":{"line":82,"column":9}}]},"22":{"loc":{"start":{"line":93,"column":31},"end":{"line":93,"column":57}},"type":"cond-expr","locations":[{"start":{"line":93,"column":41},"end":{"line":93,"column":52}},{"start":{"line":93,"column":55},"end":{"line":93,"column":57}}]}},"s":{"0":1,"1":12,"2":12,"3":12,"4":12,"5":41,"6":3,"7":38,"8":6,"9":32,"10":12,"11":51,"12":2,"13":49,"14":2,"15":2,"16":47,"17":16,"18":31,"19":26,"20":2,"21":24,"22":24,"23":6,"24":24,"25":6,"26":24,"27":24,"28":24,"29":41,"30":41,"31":41,"32":41,"33":2,"34":2,"35":39,"36":17,"37":24,"38":5,"39":5,"40":12,"41":12},"f":{"0":12,"1":41,"2":51,"3":6,"4":6},"b":{"0":[3],"1":[3],"2":[10],"3":[11],"4":[3],"5":[2,1],"6":[6],"7":[2],"8":[51,3],"9":[2],"10":[49,48],"11":[16],"12":[26],"13":[31,26,26,26],"14":[2],"15":[3,21],"16":[3,21],"17":[2,39],"18":[41,40],"19":[1,1],"20":[1,1],"21":[17],"22":[9,3]}}
}
