{"/Users/shaiyzkhan/Downloads/deep-compare/src/index.ts": {"path":"/Users/shaiyzkhan/Downloads/deep-compare/src/index.ts","statementMap":{"0":{"start":{"line":96,"column":2},"end":{"line":96,"column":13}},"1":{"start":{"line":29,"column":71},"end":{"line":29,"column":78}},"2":{"start":{"line":31,"column":35},"end":{"line":31,"column":67}},"3":{"start":{"line":34,"column":4},"end":{"line":38,"column":20}},"4":{"start":{"line":37,"column":23},"end":{"line":37,"column":74}},"5":{"start":{"line":42,"column":4},"end":{"line":42,"column":25}},"6":{"start":{"line":43,"column":4},"end":{"line":50,"column":5}},"7":{"start":{"line":44,"column":6},"end":{"line":49,"column":9}},"8":{"start":{"line":55,"column":4},"end":{"line":55,"column":59}},"9":{"start":{"line":55,"column":52},"end":{"line":55,"column":59}},"10":{"start":{"line":57,"column":4},"end":{"line":60,"column":5}},"11":{"start":{"line":58,"column":6},"end":{"line":58,"column":88}},"12":{"start":{"line":59,"column":6},"end":{"line":59,"column":13}},"13":{"start":{"line":62,"column":4},"end":{"line":86,"column":5}},"14":{"start":{"line":63,"column":23},"end":{"line":63,"column":42}},"15":{"start":{"line":64,"column":23},"end":{"line":64,"column":42}},"16":{"start":{"line":66,"column":6},"end":{"line":69,"column":7}},"17":{"start":{"line":67,"column":8},"end":{"line":67,"column":83}},"18":{"start":{"line":68,"column":8},"end":{"line":68,"column":15}},"19":{"start":{"line":71,"column":20},"end":{"line":71,"column":72}},"20":{"start":{"line":71,"column":50},"end":{"line":71,"column":51}},"21":{"start":{"line":72,"column":20},"end":{"line":72,"column":72}},"22":{"start":{"line":72,"column":50},"end":{"line":72,"column":51}},"23":{"start":{"line":73,"column":22},"end":{"line":73,"column":51}},"24":{"start":{"line":75,"column":6},"end":{"line":84,"column":7}},"25":{"start":{"line":76,"column":24},"end":{"line":76,"column":35}},"26":{"start":{"line":77,"column":24},"end":{"line":77,"column":35}},"27":{"start":{"line":79,"column":8},"end":{"line":83,"column":9}},"28":{"start":{"line":80,"column":10},"end":{"line":80,"column":159}},"29":{"start":{"line":82,"column":10},"end":{"line":82,"column":62}},"30":{"start":{"line":85,"column":6},"end":{"line":85,"column":13}},"31":{"start":{"line":88,"column":4},"end":{"line":88,"column":105}},"32":{"start":{"line":91,"column":2},"end":{"line":91,"column":28}},"33":{"start":{"line":92,"column":2},"end":{"line":92,"column":16}}},"fnMap":{"0":{"name":"deepCompare","decl":{"start":{"line":28,"column":9},"end":{"line":28,"column":20}},"loc":{"start":{"line":28,"column":79},"end":{"line":93,"column":1}}},"1":{"name":"formatPath","decl":{"start":{"line":33,"column":11},"end":{"line":33,"column":21}},"loc":{"start":{"line":33,"column":47},"end":{"line":39,"column":3}}},"2":{"name":"(anonymous_2)","decl":{"start":{"line":37,"column":15},"end":{"line":37,"column":18}},"loc":{"start":{"line":37,"column":23},"end":{"line":37,"column":74}}},"3":{"name":"addDifference","decl":{"start":{"line":41,"column":11},"end":{"line":41,"column":24}},"loc":{"start":{"line":41,"column":101},"end":{"line":51,"column":3}}},"4":{"name":"compareValues","decl":{"start":{"line":53,"column":11},"end":{"line":53,"column":24}},"loc":{"start":{"line":53,"column":77},"end":{"line":89,"column":3}}},"5":{"name":"(anonymous_5)","decl":{"start":{"line":71,"column":40},"end":{"line":71,"column":41}},"loc":{"start":{"line":71,"column":50},"end":{"line":71,"column":51}}},"6":{"name":"(anonymous_6)","decl":{"start":{"line":72,"column":40},"end":{"line":72,"column":41}},"loc":{"start":{"line":72,"column":50},"end":{"line":72,"column":51}}}},"branchMap":{"0":{"loc":{"start":{"line":28,"column":51},"end":{"line":28,"column":79}},"type":"default-arg","locations":[{"start":{"line":28,"column":77},"end":{"line":28,"column":79}}]},"1":{"loc":{"start":{"line":29,"column":10},"end":{"line":29,"column":23}},"type":"default-arg","locations":[{"start":{"line":29,"column":19},"end":{"line":29,"column":23}}]},"2":{"loc":{"start":{"line":29,"column":25},"end":{"line":29,"column":39}},"type":"default-arg","locations":[{"start":{"line":29,"column":35},"end":{"line":29,"column":39}}]},"3":{"loc":{"start":{"line":29,"column":41},"end":{"line":29,"column":66}},"type":"default-arg","locations":[{"start":{"line":29,"column":54},"end":{"line":29,"column":66}}]},"4":{"loc":{"start":{"line":34,"column":11},"end":{"line":38,"column":19}},"type":"cond-expr","locations":[{"start":{"line":35,"column":8},"end":{"line":35,"column":22}},{"start":{"line":36,"column":8},"end":{"line":38,"column":19}}]},"5":{"loc":{"start":{"line":37,"column":23},"end":{"line":37,"column":74}},"type":"cond-expr","locations":[{"start":{"line":37,"column":49},"end":{"line":37,"column":59}},{"start":{"line":37,"column":62},"end":{"line":37,"column":74}}]},"6":{"loc":{"start":{"line":43,"column":4},"end":{"line":50,"column":5}},"type":"if","locations":[{"start":{"line":43,"column":4},"end":{"line":50,"column":5}}]},"7":{"loc":{"start":{"line":53,"column":47},"end":{"line":53,"column":77}},"type":"default-arg","locations":[{"start":{"line":53,"column":75},"end":{"line":53,"column":77}}]},"8":{"loc":{"start":{"line":55,"column":4},"end":{"line":55,"column":59}},"type":"if","locations":[{"start":{"line":55,"column":4},"end":{"line":55,"column":59}}]},"9":{"loc":{"start":{"line":55,"column":8},"end":{"line":55,"column":50}},"type":"binary-expr","locations":[{"start":{"line":55,"column":8},"end":{"line":55,"column":21}},{"start":{"line":55,"column":26},"end":{"line":55,"column":33}},{"start":{"line":55,"column":37},"end":{"line":55,"column":49}}]},"10":{"loc":{"start":{"line":57,"column":4},"end":{"line":60,"column":5}},"type":"if","locations":[{"start":{"line":57,"column":4},"end":{"line":60,"column":5}}]},"11":{"loc":{"start":{"line":62,"column":4},"end":{"line":86,"column":5}},"type":"if","locations":[{"start":{"line":62,"column":4},"end":{"line":86,"column":5}}]},"12":{"loc":{"start":{"line":62,"column":8},"end":{"line":62,"column":76}},"type":"binary-expr","locations":[{"start":{"line":62,"column":8},"end":{"line":62,"column":12}},{"start":{"line":62,"column":16},"end":{"line":62,"column":40}},{"start":{"line":62,"column":44},"end":{"line":62,"column":48}},{"start":{"line":62,"column":52},"end":{"line":62,"column":76}}]},"13":{"loc":{"start":{"line":66,"column":6},"end":{"line":69,"column":7}},"type":"if","locations":[{"start":{"line":66,"column":6},"end":{"line":69,"column":7}}]},"14":{"loc":{"start":{"line":71,"column":20},"end":{"line":71,"column":72}},"type":"cond-expr","locations":[{"start":{"line":71,"column":31},"end":{"line":71,"column":52}},{"start":{"line":71,"column":55},"end":{"line":71,"column":72}}]},"15":{"loc":{"start":{"line":72,"column":20},"end":{"line":72,"column":72}},"type":"cond-expr","locations":[{"start":{"line":72,"column":31},"end":{"line":72,"column":52}},{"start":{"line":72,"column":55},"end":{"line":72,"column":72}}]},"16":{"loc":{"start":{"line":79,"column":8},"end":{"line":83,"column":9}},"type":"if","locations":[{"start":{"line":79,"column":8},"end":{"line":83,"column":9}},{"start":{"line":81,"column":15},"end":{"line":83,"column":9}}]},"17":{"loc":{"start":{"line":79,"column":12},"end":{"line":79,"column":32}},"type":"binary-expr","locations":[{"start":{"line":79,"column":12},"end":{"line":79,"column":20}},{"start":{"line":79,"column":24},"end":{"line":79,"column":32}}]},"18":{"loc":{"start":{"line":80,"column":40},"end":{"line":80,"column":73}},"type":"cond-expr","locations":[{"start":{"line":80,"column":50},"end":{"line":80,"column":59}},{"start":{"line":80,"column":62},"end":{"line":80,"column":73}}]},"19":{"loc":{"start":{"line":80,"column":75},"end":{"line":80,"column":108}},"type":"cond-expr","locations":[{"start":{"line":80,"column":85},"end":{"line":80,"column":94}},{"start":{"line":80,"column":97},"end":{"line":80,"column":108}}]}},"s":{"0":1,"1":9,"2":9,"3":7,"4":12,"5":7,"6":7,"7":7,"8":37,"9":12,"10":25,"11":2,"12":2,"13":23,"14":19,"15":19,"16":19,"17":0,"18":0,"19":19,"20":5,"21":19,"22":5,"23":19,"24":19,"25":29,"26":29,"27":29,"28":1,"29":28,"30":19,"31":4,"32":9,"33":9},"f":{"0":9,"1":7,"2":12,"3":7,"4":37,"5":5,"6":5},"b":{"0":[1],"1":[7],"2":[1],"3":[8],"4":[1,6],"5":[1,11],"6":[7],"7":[9],"8":[12],"9":[37,26,2],"10":[2],"11":[19],"12":[23,23,19,19],"13":[0],"14":[2,17],"15":[2,17],"16":[1,28],"17":[29,29],"18":[1,0],"19":[0,1]}}
}
