TN:
SF:src/index.ts
FN:17,deepCompare
FN:22,(anonymous_1)
FN:32,(anonymous_2)
FNF:3
FNH:3
FNDA:11,deepCompare
FNDA:32,(anonymous_1)
FNDA:42,(anonymous_2)
DA:17,1
DA:18,11
DA:19,11
DA:20,11
DA:22,11
DA:23,32
DA:24,3
DA:26,29
DA:27,5
DA:29,24
DA:32,11
DA:34,42
DA:35,2
DA:39,40
DA:40,2
DA:41,2
DA:45,38
DA:48,27
DA:50,23
DA:51,2
DA:55,21
DA:57,21
DA:58,21
DA:61,21
DA:62,33
DA:63,1
DA:69,1
DA:73,20
DA:74,31
DA:75,0
DA:81,0
DA:86,20
DA:87,20
DA:88,31
DA:89,31
DA:90,14
DA:93,20
DA:97,4
DA:98,4
DA:101,11
DA:102,11
LF:41
LH:39
BRDA:17,0,0,3
BRDA:18,1,0,3
BRDA:18,2,0,9
BRDA:18,3,0,10
BRDA:22,4,0,0
BRDA:23,5,0,3
BRDA:24,6,0,1
BRDA:24,6,1,2
BRDA:26,7,0,5
BRDA:32,8,0,0
BRDA:34,9,0,2
BRDA:34,10,0,42
BRDA:34,10,1,3
BRDA:39,11,0,2
BRDA:39,12,0,40
BRDA:39,12,1,39
BRDA:45,13,0,11
BRDA:48,14,0,23
BRDA:48,15,0,27
BRDA:48,15,1,23
BRDA:48,15,2,23
BRDA:48,15,3,23
BRDA:50,16,0,2
BRDA:62,17,0,1
BRDA:74,18,0,0
BRDA:89,19,0,14
BRDA:102,20,0,8
BRDA:102,20,1,3
BRF:28
BRH:25
end_of_record
