TN:
SF:src/index.ts
FN:28,deepCompare
FN:33,formatPath
FN:37,(anonymous_2)
FN:41,addDifference
FN:53,compareValues
FN:71,(anonymous_5)
FN:72,(anonymous_6)
FNF:7
FNH:7
FNDA:9,deepCompare
FNDA:7,formatPath
FNDA:12,(anonymous_2)
FNDA:7,addDifference
FNDA:37,compareValues
FNDA:5,(anonymous_5)
FNDA:5,(anonymous_6)
DA:29,9
DA:31,9
DA:34,7
DA:37,12
DA:42,7
DA:43,7
DA:44,7
DA:55,37
DA:57,25
DA:58,2
DA:59,2
DA:62,23
DA:63,19
DA:64,19
DA:66,19
DA:67,0
DA:68,0
DA:71,19
DA:72,19
DA:73,19
DA:75,19
DA:76,29
DA:77,29
DA:79,29
DA:80,1
DA:82,28
DA:85,19
DA:88,4
DA:91,9
DA:92,9
DA:96,1
LF:31
LH:29
BRDA:28,0,0,1
BRDA:29,1,0,7
BRDA:29,2,0,1
BRDA:29,3,0,8
BRDA:34,4,0,1
BRDA:34,4,1,6
BRDA:37,5,0,1
BRDA:37,5,1,11
BRDA:43,6,0,7
BRDA:53,7,0,9
BRDA:55,8,0,12
BRDA:55,9,0,37
BRDA:55,9,1,26
BRDA:55,9,2,2
BRDA:57,10,0,2
BRDA:62,11,0,19
BRDA:62,12,0,23
BRDA:62,12,1,23
BRDA:62,12,2,19
BRDA:62,12,3,19
BRDA:66,13,0,0
BRDA:71,14,0,2
BRDA:71,14,1,17
BRDA:72,15,0,2
BRDA:72,15,1,17
BRDA:79,16,0,1
BRDA:79,16,1,28
BRDA:79,17,0,29
BRDA:79,17,1,29
BRDA:80,18,0,1
BRDA:80,18,1,0
BRDA:80,19,0,0
BRDA:80,19,1,1
BRF:33
BRH:30
end_of_record
